<?xml version="1.0" encoding="UTF-8"?>
<!-- Generated by org.testng.reporters.JUnitXMLReporter -->
<testsuite ignored="2" hostname="LAPTOP-IQ8CH363" failures="0" tests="3" name="Test" time="142.7" errors="0" timestamp="2023-03-13T23:26:55 IST">
  <testcase classname="com.actitime.test1.LoginTest" name="SearchValidation" time="34.046"/>
  <testcase classname="com.actitime.test1.LoginTest" name="loginValidation" time="34.698"/>
  <testcase classname="com.actitime.test1.Mewatch" name="SearchValidation" time="66.736"/>
  <testcase classname="com.actiTime.Demo.BaseTest" name="@AfterSuite killReport" time="0.0">
    <ignored/>
  </testcase> <!-- @AfterSuite killReport -->
  <testcase classname="com.actiTime.Demo.BaseTest" name="@BeforeSuite intializationReportConfig" time="0.0">
    <ignored/>
  </testcase> <!-- @BeforeSuite intializationReportConfig -->
</testsuite> <!-- Test -->
