<?xml version="1.0" encoding="UTF-8"?>
<!-- Generated by org.testng.reporters.JUnitXMLReporter -->
<testsuite ignored="6" hostname="LAPTOP-IQ8CH363" failures="0" tests="1" name="Test" time="74.076" errors="0" timestamp="2023-07-25T14:21:46 IST">
  <testcase classname="com.actitime.test1.Mewatch" name="ValidateBlankPage" time="70.525"/>
  <testcase classname="com.actitime.test1.Mewatch" name="ValidateFooterTitle" time="0.0">
    <ignored/>
  </testcase> <!-- ValidateFooterTitle -->
  <testcase classname="com.actitime.test1.Mewatch" name="ValidateTitle" time="0.0">
    <ignored/>
  </testcase> <!-- ValidateTitle -->
  <testcase classname="com.actitime.test1.Mewatch" name="VerifyPlayList" time="0.0">
    <ignored/>
  </testcase> <!-- VerifyPlayList -->
  <testcase classname="com.actitime.test1.Mewatch" name="SearchValidation" time="0.0">
    <ignored/>
  </testcase> <!-- SearchValidation -->
  <testcase classname="com.actitime.test1.Mewatch" name="ValidateLiveTv" time="0.0">
    <ignored/>
  </testcase> <!-- ValidateLiveTv -->
  <testcase classname="com.actitime.test1.Mewatch" name="CompleteRegistration" time="0.0">
    <ignored/>
  </testcase> <!-- CompleteRegistration -->
</testsuite> <!-- Test -->
