<?xml version="1.0" encoding="UTF-8"?>
<!-- Generated by org.testng.reporters.JUnitXMLReporter -->
<testsuite ignored="1" hostname="LAPTOP-IQ8CH363" failures="0" tests="1" name="Default test" time="115.431" errors="0" timestamp="2024-05-06T17:41:33 IST">
  <testcase classname="com.actitime.test1.LoginTest" name="SearchValidation" time="97.6"/>
  <testcase classname="com.actitime.test1.LoginTest" name="loginValidation" time="0.0">
    <ignored/>
  </testcase> <!-- loginValidation -->
</testsuite> <!-- Default test -->
