<?xml version="1.0" encoding="UTF-8"?>
<!-- Generated by org.testng.reporters.JUnitXMLReporter -->
<testsuite ignored="2" hostname="LAPTOP-IQ8CH363" failures="0" tests="1" name="Default test" time="73.452" errors="0" timestamp="2023-03-21T00:24:46 IST">
  <testcase classname="com.actitime.test1.Mewatch" name="CompleteRegistration" time="63.004"/>
  <testcase classname="com.actitime.test1.Mewatch" name="VerifyPlayList" time="0.0">
    <ignored/>
  </testcase> <!-- VerifyPlayList -->
  <testcase classname="com.actitime.test1.Mewatch" name="SearchValidation" time="0.0">
    <ignored/>
  </testcase> <!-- SearchValidation -->
</testsuite> <!-- Default test -->
